Server Running Live on Port : 5000
AUTH!
Client is ready!
GET : /auth/checkauth
CONNECTED
GET : /favicon.ico
GET : /chat/getchats
GET : /favicon.ico
Server Running Live on Port : 5000
Server Running Live on Port : 5000
GET : /auth/checkauth
Error: ENOENT: no such file or directory, unlink '../session.json'
    at Object.unlinkSync (node:fs:1718:3)
    at C:\repo\tanah-whatsapp-server\components\auth.js:12:20
    at processTicksAndRejections (node:internal/process/task_queues:96:5) {
  errno: -4058,
  syscall: 'unlink',
  code: 'ENOENT',
  path: '../session.json'
}
GET : /favicon.ico
GET : /auth/checkauth
Error: ENOENT: no such file or directory, unlink '../session.json'
    at Object.unlinkSync (node:fs:1718:3)
    at C:\repo\tanah-whatsapp-server\components\auth.js:12:20
    at processTicksAndRejections (node:internal/process/task_queues:96:5) {
  errno: -4058,
  syscall: 'unlink',
  code: 'ENOENT',
  path: '../session.json'
}
GET : /auth/getqr
GET : /auth/getqr
Server Running Live on Port : 5000
GET : /auth/checkauth
Error: ENOENT: no such file or directory, unlink '../session.json'
    at Object.unlinkSync (node:fs:1718:3)
    at C:\repo\tanah-whatsapp-server\components\auth.js:12:20
    at processTicksAndRejections (node:internal/process/task_queues:96:5) {
  errno: -4058,
  syscall: 'unlink',
  code: 'ENOENT',
  path: '../session.json'
}
GET : /auth/getqr
GET : /auth/checkauth
Error: ENOENT: no such file or directory, unlink '../session.json'
    at Object.unlinkSync (node:fs:1718:3)
    at C:\repo\tanah-whatsapp-server\components\auth.js:12:20
    at processTicksAndRejections (node:internal/process/task_queues:96:5) {
  errno: -4058,
  syscall: 'unlink',
  code: 'ENOENT',
  path: '../session.json'
}
GET : /auth/getqr
GET : /auth/getqr
GET : /auth/getqr
GET : /auth/getqr
GET : /auth/getqr
Server Running Live on Port : 5000
GET : /auth/getqr
GET : /auth/getqr
POST : /group/sendpdf/%F0%9F%93%83%D7%AA%D7%A0%22%D7%9A%20%D7%A2%D7%9C%20%D7%94%D7%A4%D7%A8%D7%A7%20-%20%D7%A2%D7%9C%D7%95%D7%9F%20%D7%99%D7%95%D7%9E%D7%99
POST : /group/sendpdf/%F0%9F%93%83%D7%AA%D7%A0%22%D7%9A%20%D7%A2%D7%9C%20%D7%94%D7%A4%D7%A8%D7%A7%20-%20%D7%A2%D7%9C%D7%95%D7%9F%20%D7%99%D7%95%D7%9E%D7%99
Server Running Live on Port : 5000
GET : /auth/checkauth
Error: ENOENT: no such file or directory, unlink '../session.json'
    at Object.unlinkSync (node:fs:1718:3)
    at C:\repo\tanah-whatsapp-server\components\auth.js:15:14
    at processTicksAndRejections (node:internal/process/task_queues:96:5) {
  errno: -4058,
  syscall: 'unlink',
  code: 'ENOENT',
  path: '../session.json'
}
GET : /auth/getqr
Server Running Live on Port : 5000
GET : /auth/getqr
Server Running Live on Port : 5000
GET : /auth/getqr
Server Running Live on Port : 5000
GET : /auth/getqr
Server Running Live on Port : 5000
GET : /auth/getqr
Server Running Live on Port : 5000
GET : /auth/getqr
Server Running Live on Port : 5000
GET : /auth/getqr
Server Running Live on Port : 5000
GET : /auth/getqr
Server Running Live on Port : 5000
GET : /auth/getqr
Server Running Live on Port : 5000
Server Running Live on Port : 5000
GET : /auth/getqr
Server Running Live on Port : 5000
GET : /auth/getqr
Server Running Live on Port : 5000
GET : /auth/getqr
Server Running Live on Port : 5000
GET : /auth/getqr
Server Running Live on Port : 5000
GET : /auth/getqr
Server Running Live on Port : 5000
Server Running Live on Port : 5000
GET : /auth/getqr
Server Running Live on Port : 5000
GET : /auth/getqr
Server Running Live on Port : 5000
GET : /auth/getqr
Server Running Live on Port : 5000
GET : /auth/getqr
Server Running Live on Port : 5000
GET : /auth/getqr
Server Running Live on Port : 5000
GET : /auth/getqr
Server Running Live on Port : 5000
GET : /auth/getqr
Server Running Live on Port : 5000
Server Running Live on Port : 5000
GET : /auth/getqr
GET : /auth/getqr
GET : /auth/getqr
Server Running Live on Port : 5000
GET : /auth/getqr
Server Running Live on Port : 5000
GET : /auth/getqr
Server Running Live on Port : 5000
GET : /auth/getqr
Server Running Live on Port : 5000
Server Running Live on Port : 5000
GET : /auth/getqr
GET : /auth/getqr
GET : /favicon.ico
GET : /auth/checkauth
Error: ENOENT: no such file or directory, unlink '../session.json'
    at Object.unlinkSync (node:fs:1718:3)
    at C:\repo\tanah-whatsapp-server\components\auth.js:15:14
    at processTicksAndRejections (node:internal/process/task_queues:96:5) {
  errno: -4058,
  syscall: 'unlink',
  code: 'ENOENT',
  path: '../session.json'
}
GET : /auth/checkauth
Error: ENOENT: no such file or directory, unlink '../session.json'
    at Object.unlinkSync (node:fs:1718:3)
    at C:\repo\tanah-whatsapp-server\components\auth.js:15:14
    at processTicksAndRejections (node:internal/process/task_queues:96:5) {
  errno: -4058,
  syscall: 'unlink',
  code: 'ENOENT',
  path: '../session.json'
}
GET : /auth/checkauth
Error: ENOENT: no such file or directory, unlink '../session.json'
    at Object.unlinkSync (node:fs:1718:3)
    at C:\repo\tanah-whatsapp-server\components\auth.js:15:14
    at processTicksAndRejections (node:internal/process/task_queues:96:5) {
  errno: -4058,
  syscall: 'unlink',
  code: 'ENOENT',
  path: '../session.json'
}
GET : /auth/checkauth
Error: ENOENT: no such file or directory, unlink '../session.json'
    at Object.unlinkSync (node:fs:1718:3)
    at C:\repo\tanah-whatsapp-server\components\auth.js:15:14
    at processTicksAndRejections (node:internal/process/task_queues:96:5) {
  errno: -4058,
  syscall: 'unlink',
  code: 'ENOENT',
  path: '../session.json'
}
GET : /auth/checkauth
Error: ENOENT: no such file or directory, unlink '../session.json'
    at Object.unlinkSync (node:fs:1718:3)
    at C:\repo\tanah-whatsapp-server\components\auth.js:15:14
    at processTicksAndRejections (node:internal/process/task_queues:96:5) {
  errno: -4058,
  syscall: 'unlink',
  code: 'ENOENT',
  path: '../session.json'
}
GET : /auth/getqr
GET : /auth/getqr
GET : /auth/getqr
GET : /auth/getqr
Server Running Live on Port : 5000
GET : /auth/getqr
GET : /auth/getqr
GET : /auth/getqr
GET : /auth/checkauth
Error: ENOENT: no such file or directory, unlink '../session.json'
    at Object.unlinkSync (node:fs:1718:3)
    at C:\repo\tanah-whatsapp-server\components\auth.js:15:14
    at processTicksAndRejections (node:internal/process/task_queues:96:5) {
  errno: -4058,
  syscall: 'unlink',
  code: 'ENOENT',
  path: '../session.json'
}
Server Running Live on Port : 5000
Server Running Live on Port : 5000
Server Running Live on Port : 5000
Server Running Live on Port : 5000
Server Running Live on Port : 5000
GET : /auth/checkauth
Error: ENOENT: no such file or directory, unlink '../session.json'
    at Object.unlinkSync (node:fs:1718:3)
    at C:\repo\tanah-whatsapp-server\components\auth.js:15:14
    at processTicksAndRejections (node:internal/process/task_queues:96:5) {
  errno: -4058,
  syscall: 'unlink',
  code: 'ENOENT',
  path: '../session.json'
}
GET : /favicon.ico
GET : /auth/checkauth
Error: ENOENT: no such file or directory, unlink '../session.json'
    at Object.unlinkSync (node:fs:1718:3)
    at C:\repo\tanah-whatsapp-server\components\auth.js:15:14
    at processTicksAndRejections (node:internal/process/task_queues:96:5) {
  errno: -4058,
  syscall: 'unlink',
  code: 'ENOENT',
  path: '../session.json'
}
GET : /favicon.ico
POST : /group/sendpdf/%F0%9F%93%83%D7%AA%D7%A0%22%D7%9A%20%D7%A2%D7%9C%20%D7%94%D7%A4%D7%A8%D7%A7%20-%20%D7%A2%D7%9C%D7%95%D7%9F%20%D7%99%D7%95%D7%9E%D7%99
POST : /group/sendpdf/%F0%9F%93%83%D7%AA%D7%A0%22%D7%9A%20%D7%A2%D7%9C%20%D7%94%D7%A4%D7%A8%D7%A7%20-%20%D7%A2%D7%9C%D7%95%D7%9F%20%D7%99%D7%95%D7%9E%D7%99
Server Running Live on Port : 5000
POST : /group/sendpdf/%D7%AA%D7%A0%D7%9A%20%D7%A2%D7%9C%20%D7%94%D7%A4%D7%A8%D7%A7%20-%20%D7%A0%D7%A1%D7%99%D7%95%D7%9F%20%D7%90%D7%95%D7%98%D7%95%D7%9E
POST : /group/sendpdf/%D7%AA%D7%A0%D7%9A%20%D7%A2%D7%9C%20%D7%94%D7%A4%D7%A8%D7%A7%20-%20%D7%A0%D7%A1%D7%99%D7%95%D7%9F%20%D7%90%D7%95%D7%98%D7%95%D7%9E
Server Running Live on Port : 5000
POST : /group/sendpdf/%D7%AA%D7%A0%D7%9A%20%D7%A2%D7%9C%20%D7%94%D7%A4%D7%A8%D7%A7%20-%20%D7%A0%D7%A1%D7%99%D7%95%D7%9F%20%D7%90%D7%95%D7%98%D7%95%D7%9E
AUTH!
Client is ready!
POST : /group/sendpdf/%D7%AA%D7%A0%D7%9A%20%D7%A2%D7%9C%20%D7%94%D7%A4%D7%A8%D7%A7%20-%20%D7%A0%D7%A1%D7%99%D7%95%D7%9F%20%D7%90%D7%95%D7%98%D7%95%D7%9E
GET : /auth/checkauth
CONNECTED
POST : /group/sendpdf/%D7%AA%D7%A0%D7%9A%20%D7%A2%D7%9C%20%D7%94%D7%A4%D7%A8%D7%A7%20-%20%D7%A0%D7%A1%D7%99%D7%95%D7%9F%20%D7%90%D7%95%D7%98%D7%95%D7%9E
Server Running Live on Port : 5000
AUTH!
Client is ready!
POST : /group/sendpdf/%D7%AA%D7%A0%D7%9A%20%D7%A2%D7%9C%20%D7%94%D7%A4%D7%A8%D7%A7%20-%20%D7%A0%D7%A1%D7%99%D7%95%D7%9F%20%D7%90%D7%95%D7%98%D7%95%D7%9E
